<?xml version="1.0" encoding="UTF-8"?>
<testsuite xmlns:xsi="http://www.w3.org/2001/XMLSchema-instance" xsi:noNamespaceSchemaLocation="https://maven.apache.org/surefire/maven-surefire-plugin/xsd/surefire-test-report-3.0.xsd" version="3.0" name="com.carneirotg.aoc.DayOneTest" time="0.027" tests="1" errors="0" skipped="0" failures="0">
  <properties>
[...]
</properties>
  <testcase name="test" classname="com.carneirotg.aoc.DayOneTest" time="0.018">
    <system-out><![CDATA[possible [false], index [Game]
possible [false], index [Game]
possible [false], index [Game]
possible [false], index [Game]
possible [false], index [11]
possible [false], index [14]
possible [false], index [15]
possible [false], index [16]
possible [false], index [20]
possible [false], index [21]
possible [false], index [22]
possible [false], index [23]
possible [false], index [28]
possible [false], index [29]
possible [false], index [30]
possible [false], index [31]
possible [false], index [32]
possible [false], index [33]
possible [false], index [34]
possible [false], index [36]
possible [false], index [37]
possible [false], index [38]
possible [false], index [40]
possible [false], index [41]
possible [false], index [42]
possible [false], index [46]
possible [false], index [47]
possible [false], index [49]
possible [false], index [51]
possible [false], index [53]
possible [false], index [54]
possible [false], index [56]
possible [false], index [57]
possible [false], index [59]
possible [false], index [61]
possible [false], index [68]
possible [false], index [70]
possible [false], index [71]
possible [false], index [72]
possible [false], index [75]
possible [false], index [76]
possible [false], index [79]
possible [false], index [80]
possible [false], index [81]
possible [false], index [82]
possible [false], index [83]
possible [false], index [84]
possible [false], index [85]
possible [false], index [88]
possible [false], index [89]
possible [false], index [90]
possible [false], index [94]
possible [false], index [95]
possible [false], index [99]
2342
]]></system-out>
  </testcase>
</testsuite>